Determining if the pthread_create exist failed with the following output:
Change Dir: /root/catkin_ws/src/sim_device/thesis_visualization/build/CMakeFiles/CMakeTmp

Run Build Command:"/usr/bin/make" "cmTC_ea916/fast"
/usr/bin/make -f CMakeFiles/cmTC_ea916.dir/build.make CMakeFiles/cmTC_ea916.dir/build
make[1]: Entering directory '/root/catkin_ws/src/sim_device/thesis_visualization/build/CMakeFiles/CMakeTmp'
Building C object CMakeFiles/cmTC_ea916.dir/CheckSymbolExists.c.o
/usr/bin/x86_64-linux-gnu-gcc-5     -o CMakeFiles/cmTC_ea916.dir/CheckSymbolExists.c.o   -c /root/catkin_ws/src/sim_device/thesis_visualization/build/CMakeFiles/CMakeTmp/CheckSymbolExists.c
Linking C executable cmTC_ea916
/usr/bin/cmake -E cmake_link_script CMakeFiles/cmTC_ea916.dir/link.txt --verbose=1
/usr/bin/x86_64-linux-gnu-gcc-5       CMakeFiles/cmTC_ea916.dir/CheckSymbolExists.c.o  -o cmTC_ea916 -rdynamic 
CMakeFiles/cmTC_ea916.dir/CheckSymbolExists.c.o:CheckSymbolExists.c:function main: error: undefined reference to 'pthread_create'
collect2: error: ld returned 1 exit status
CMakeFiles/cmTC_ea916.dir/build.make:97: recipe for target 'cmTC_ea916' failed
make[1]: *** [cmTC_ea916] Error 1
make[1]: Leaving directory '/root/catkin_ws/src/sim_device/thesis_visualization/build/CMakeFiles/CMakeTmp'
Makefile:126: recipe for target 'cmTC_ea916/fast' failed
make: *** [cmTC_ea916/fast] Error 2

File /root/catkin_ws/src/sim_device/thesis_visualization/build/CMakeFiles/CMakeTmp/CheckSymbolExists.c:
/* */
#include <pthread.h>

int main(int argc, char** argv)
{
  (void)argv;
#ifndef pthread_create
  return ((int*)(&pthread_create))[argc];
#else
  (void)argc;
  return 0;
#endif
}

Determining if the function pthread_create exists in the pthreads failed with the following output:
Change Dir: /root/catkin_ws/src/sim_device/thesis_visualization/build/CMakeFiles/CMakeTmp

Run Build Command:"/usr/bin/make" "cmTC_34120/fast"
/usr/bin/make -f CMakeFiles/cmTC_34120.dir/build.make CMakeFiles/cmTC_34120.dir/build
make[1]: Entering directory '/root/catkin_ws/src/sim_device/thesis_visualization/build/CMakeFiles/CMakeTmp'
Building C object CMakeFiles/cmTC_34120.dir/CheckFunctionExists.c.o
/usr/bin/x86_64-linux-gnu-gcc-5    -DCHECK_FUNCTION_EXISTS=pthread_create   -o CMakeFiles/cmTC_34120.dir/CheckFunctionExists.c.o   -c /usr/share/cmake-3.5/Modules/CheckFunctionExists.c
Linking C executable cmTC_34120
/usr/bin/cmake -E cmake_link_script CMakeFiles/cmTC_34120.dir/link.txt --verbose=1
/usr/bin/x86_64-linux-gnu-gcc-5   -DCHECK_FUNCTION_EXISTS=pthread_create    CMakeFiles/cmTC_34120.dir/CheckFunctionExists.c.o  -o cmTC_34120 -rdynamic -lpthreads 
/usr/bin/ld: error: cannot find -lpthreads
CMakeFiles/cmTC_34120.dir/CheckFunctionExists.c.o:CheckFunctionExists.c:function main: error: undefined reference to 'pthread_create'
collect2: error: ld returned 1 exit status
CMakeFiles/cmTC_34120.dir/build.make:97: recipe for target 'cmTC_34120' failed
make[1]: *** [cmTC_34120] Error 1
make[1]: Leaving directory '/root/catkin_ws/src/sim_device/thesis_visualization/build/CMakeFiles/CMakeTmp'
Makefile:126: recipe for target 'cmTC_34120/fast' failed
make: *** [cmTC_34120/fast] Error 2


